<?xml version="1.0" encoding="UTF-8"?>
<testsuite name="testSuite.Prueba" tests="1" skipped="0" failures="0" errors="0" timestamp="2022-05-16T17:15:06" hostname="DESKTOP-RRQ161M" time="4.625">
  <properties/>
  <testcase name="buscarPerroEnGoogle" classname="testSuite.Prueba" time="4.625"/>
  <system-out><![CDATA[]]></system-out>
  <system-err><![CDATA[]]></system-err>
</testsuite>
